  [1m[35m (1.0ms)[0m  [1m[34mSELECT sqlite_version(*)[0m
  [1m[35m (0.0ms)[0m  [1m[34mSELECT sqlite_version(*)[0m
  [1m[35m (0.0ms)[0m  [1m[34mSELECT sqlite_version(*)[0m
  [1m[35m (10.4ms)[0m  [1m[35mCREATE TABLE "schema_migrations" ("version" varchar NOT NULL PRIMARY KEY)[0m
  [1m[35m (5.1ms)[0m  [1m[35mCREATE TABLE "ar_internal_metadata" ("key" varchar NOT NULL PRIMARY KEY, "value" varchar, "created_at" datetime(6) NOT NULL, "updated_at" datetime(6) NOT NULL)[0m
  [1m[35m (0.1ms)[0m  [1m[34mSELECT "schema_migrations"."version" FROM "schema_migrations" ORDER BY "schema_migrations"."version" ASC[0m
Migrating to CreateUsers (20200702011430)
  [1m[35m (0.1ms)[0m  [1m[36mbegin transaction[0m
  [1m[35m (0.4ms)[0m  [1m[35mCREATE TABLE "users" ("id" integer PRIMARY KEY AUTOINCREMENT NOT NULL, "name" varchar, "email" varchar, "gender" varchar, "phone" varchar, "exp1" varchar, "exp2" varchar, "exp3" varchar, "education" varchar, "extras" varchar, "created_at" datetime(6) NOT NULL, "updated_at" datetime(6) NOT NULL)[0m
  [1m[36mprimary::SchemaMigration Create (0.1ms)[0m  [1m[32mINSERT INTO "schema_migrations" ("version") VALUES (?)[0m  [["version", "20200702011430"]]
  [1m[35m (6.3ms)[0m  [1m[36mcommit transaction[0m
  [1m[36mActiveRecord::InternalMetadata Load (0.1ms)[0m  [1m[34mSELECT "ar_internal_metadata".* FROM "ar_internal_metadata" WHERE "ar_internal_metadata"."key" = ? LIMIT ?[0m  [["key", "environment"], ["LIMIT", 1]]
  [1m[35m (0.0ms)[0m  [1m[36mbegin transaction[0m
  [1m[36mActiveRecord::InternalMetadata Create (0.2ms)[0m  [1m[32mINSERT INTO "ar_internal_metadata" ("key", "value", "created_at", "updated_at") VALUES (?, ?, ?, ?)[0m  [["key", "environment"], ["value", "development"], ["created_at", "2020-07-02 01:14:51.622807"], ["updated_at", "2020-07-02 01:14:51.622807"]]
  [1m[35m (3.7ms)[0m  [1m[36mcommit transaction[0m
  [1m[35m (0.1ms)[0m  [1m[34mSELECT sqlite_version(*)[0m
  [1m[35m (0.1ms)[0m  [1m[34mSELECT "schema_migrations"."version" FROM "schema_migrations" ORDER BY "schema_migrations"."version" ASC[0m
Started GET "/" for ::1 at 2020-07-01 22:35:15 -0300
  [1m[35m (0.4ms)[0m  [1m[34mSELECT sqlite_version(*)[0m
  [1m[35m (0.1ms)[0m  [1m[34mSELECT "schema_migrations"."version" FROM "schema_migrations" ORDER BY "schema_migrations"."version" ASC[0m
Processing by Rails::WelcomeController#index as HTML
  Rendering /home/pabllo/.asdf/installs/ruby/2.7.1/lib/ruby/gems/2.7.0/gems/railties-6.0.3.2/lib/rails/templates/rails/welcome/index.html.erb
  Rendered /home/pabllo/.asdf/installs/ruby/2.7.1/lib/ruby/gems/2.7.0/gems/railties-6.0.3.2/lib/rails/templates/rails/welcome/index.html.erb (Duration: 6.4ms | Allocations: 406)
Completed 200 OK in 15ms (Views: 9.3ms | ActiveRecord: 0.0ms | Allocations: 2336)


Started GET "/" for ::1 at 2020-07-01 22:35:23 -0300
Processing by Rails::WelcomeController#index as HTML
  Rendering /home/pabllo/.asdf/installs/ruby/2.7.1/lib/ruby/gems/2.7.0/gems/railties-6.0.3.2/lib/rails/templates/rails/welcome/index.html.erb
  Rendered /home/pabllo/.asdf/installs/ruby/2.7.1/lib/ruby/gems/2.7.0/gems/railties-6.0.3.2/lib/rails/templates/rails/welcome/index.html.erb (Duration: 6.9ms | Allocations: 330)
Completed 200 OK in 9ms (Views: 7.7ms | ActiveRecord: 0.0ms | Allocations: 1067)


Started GET "/users" for ::1 at 2020-07-01 22:35:48 -0300
Processing by UsersController#index as HTML
  Rendering users/index.html.erb within layouts/application
  [1m[36mUser Load (0.2ms)[0m  [1m[34mSELECT "users".* FROM "users"[0m
  ↳ app/views/users/index.html.erb:22
  Rendered users/index.html.erb within layouts/application (Duration: 3.1ms | Allocations: 1633)
[Webpacker] Compiling...
[Webpacker] Compiled all packs in /home/pabllo/Projetos/CRUD_VUEJS_RAILS/cv_example_rb2.7.1_rls6.0/public/packs
[Webpacker] Hash: f546e5e547aa7a59df21
Version: webpack 4.43.0
Time: 2932ms
Built at: 07/01/2020 10:35:52 PM
                                     Asset       Size       Chunks                         Chunk Names
    js/application-9afcbb5693aa87623e69.js    124 KiB  application  [emitted] [immutable]  application
js/application-9afcbb5693aa87623e69.js.map    139 KiB  application  [emitted] [dev]        application
      js/hello_vue-bfc4455e8f44f173cf75.js    366 KiB    hello_vue  [emitted] [immutable]  hello_vue
  js/hello_vue-bfc4455e8f44f173cf75.js.map    450 KiB    hello_vue  [emitted] [dev]        hello_vue
                             manifest.json  689 bytes               [emitted]              
Entrypoint application = js/application-9afcbb5693aa87623e69.js js/application-9afcbb5693aa87623e69.js.map
Entrypoint hello_vue = js/hello_vue-bfc4455e8f44f173cf75.js js/hello_vue-bfc4455e8f44f173cf75.js.map
[0] got (ignored) 15 bytes {hello_vue} [built]
[./app/javascript/channels sync recursive _channel\.js$] ./app/javascript/channels sync _channel\.js$ 160 bytes {application} [built]
[./app/javascript/channels/index.js] 211 bytes {application} [built]
[./app/javascript/packs/application.js] 749 bytes {application} [built]
[./app/javascript/packs/hello_vue.js] 2.56 KiB {hello_vue} [built]
[./node_modules/webpack/buildin/global.js] (webpack)/buildin/global.js 905 bytes {hello_vue} [built]
[./node_modules/webpack/buildin/module.js] (webpack)/buildin/module.js 552 bytes {application} [built]
    + 9 hidden modules

[Webpacker] Everything's up-to-date. Nothing to do
Completed 200 OK in 4315ms (Views: 4312.4ms | ActiveRecord: 0.5ms | Allocations: 24548)


Started GET "/users/new" for ::1 at 2020-07-01 22:35:57 -0300
Processing by UsersController#new as HTML
  Rendering users/new.html.erb within layouts/application
  Rendered users/_form.html.erb (Duration: 0.8ms | Allocations: 380)
  Rendered users/new.html.erb within layouts/application (Duration: 1.6ms | Allocations: 730)
[Webpacker] Everything's up-to-date. Nothing to do
[Webpacker] Everything's up-to-date. Nothing to do
Completed 200 OK in 29ms (Views: 8.5ms | ActiveRecord: 0.7ms | Allocations: 12178)


Started POST "/users" for ::1 at 2020-07-01 22:37:31 -0300
Processing by UsersController#create as JSON
  Parameters: {"user"=>{"id"=>nil, "name"=>"Pabllo", "email"=>"pabllo.ferreira93@gmail.com", "gender"=>"Masculino", "phone"=>"6298582-3473", "exp1"=>nil, "exp2"=>nil, "exp3"=>nil, "education"=>nil, "extras"=>nil, "description"=>"Crud Vue.js com Rails"}}
[31mUnpermitted parameters: :id, :description[0m
  [1m[35m (0.1ms)[0m  [1m[36mbegin transaction[0m
  ↳ app/controllers/users_controller.rb:30:in `block in create'
  [1m[36mUser Create (0.6ms)[0m  [1m[32mINSERT INTO "users" ("name", "email", "gender", "phone", "created_at", "updated_at") VALUES (?, ?, ?, ?, ?, ?)[0m  [["name", "Pabllo"], ["email", "pabllo.ferreira93@gmail.com"], ["gender", "Masculino"], ["phone", "6298582-3473"], ["created_at", "2020-07-02 01:37:31.641907"], ["updated_at", "2020-07-02 01:37:31.641907"]]
  ↳ app/controllers/users_controller.rb:30:in `block in create'
  [1m[35m (7.4ms)[0m  [1m[36mcommit transaction[0m
  ↳ app/controllers/users_controller.rb:30:in `block in create'
  Rendering users/show.json.jbuilder
  Rendered users/_user.json.jbuilder (Duration: 0.5ms | Allocations: 152)
  Rendered users/show.json.jbuilder (Duration: 1.8ms | Allocations: 581)
Completed 201 Created in 25ms (Views: 4.8ms | ActiveRecord: 8.1ms | Allocations: 5872)


Started GET "/users/1" for ::1 at 2020-07-01 22:37:31 -0300
Processing by UsersController#show as HTML
  Parameters: {"id"=>"1"}
  [1m[36mUser Load (0.2ms)[0m  [1m[34mSELECT "users".* FROM "users" WHERE "users"."id" = ? LIMIT ?[0m  [["id", 1], ["LIMIT", 1]]
  ↳ app/controllers/users_controller.rb:67:in `set_user'
  Rendering users/show.html.erb within layouts/application
  Rendered users/show.html.erb within layouts/application (Duration: 0.9ms | Allocations: 407)
[Webpacker] Everything's up-to-date. Nothing to do
[Webpacker] Everything's up-to-date. Nothing to do
Completed 200 OK in 15ms (Views: 11.3ms | ActiveRecord: 0.2ms | Allocations: 6401)


Started GET "/users" for ::1 at 2020-07-01 22:37:53 -0300
Processing by UsersController#index as HTML
  Rendering users/index.html.erb within layouts/application
  [1m[36mUser Load (0.5ms)[0m  [1m[34mSELECT "users".* FROM "users"[0m
  ↳ app/views/users/index.html.erb:22
  Rendered users/index.html.erb within layouts/application (Duration: 7.1ms | Allocations: 789)
[Webpacker] Everything's up-to-date. Nothing to do
[Webpacker] Everything's up-to-date. Nothing to do
Completed 200 OK in 30ms (Views: 26.6ms | ActiveRecord: 0.5ms | Allocations: 5714)


Started GET "/users/new" for ::1 at 2020-07-01 22:38:07 -0300
Processing by UsersController#new as HTML
  Rendering users/new.html.erb within layouts/application
  Rendered users/_form.html.erb (Duration: 1.4ms | Allocations: 137)
  Rendered users/new.html.erb within layouts/application (Duration: 2.8ms | Allocations: 228)
[Webpacker] Everything's up-to-date. Nothing to do
[Webpacker] Everything's up-to-date. Nothing to do
Completed 200 OK in 25ms (Views: 22.3ms | ActiveRecord: 0.0ms | Allocations: 5159)


Started GET "/users" for ::1 at 2020-07-01 22:38:11 -0300
Processing by UsersController#index as HTML
  Rendering users/index.html.erb within layouts/application
  [1m[36mUser Load (0.5ms)[0m  [1m[34mSELECT "users".* FROM "users"[0m
  ↳ app/views/users/index.html.erb:22
  Rendered users/index.html.erb within layouts/application (Duration: 5.3ms | Allocations: 775)
[Webpacker] Everything's up-to-date. Nothing to do
[Webpacker] Everything's up-to-date. Nothing to do
Completed 200 OK in 26ms (Views: 23.1ms | ActiveRecord: 0.5ms | Allocations: 5695)


Started GET "/users/1" for ::1 at 2020-07-01 22:38:14 -0300
Processing by UsersController#show as HTML
  Parameters: {"id"=>"1"}
  [1m[36mUser Load (0.5ms)[0m  [1m[34mSELECT "users".* FROM "users" WHERE "users"."id" = ? LIMIT ?[0m  [["id", 1], ["LIMIT", 1]]
  ↳ app/controllers/users_controller.rb:67:in `set_user'
  Rendering users/show.html.erb within layouts/application
  Rendered users/show.html.erb within layouts/application (Duration: 1.6ms | Allocations: 92)
[Webpacker] Everything's up-to-date. Nothing to do
[Webpacker] Everything's up-to-date. Nothing to do
Completed 200 OK in 30ms (Views: 22.4ms | ActiveRecord: 0.5ms | Allocations: 5547)


Started GET "/users" for ::1 at 2020-07-01 22:38:16 -0300
Processing by UsersController#index as HTML
  Rendering users/index.html.erb within layouts/application
  [1m[36mUser Load (0.5ms)[0m  [1m[34mSELECT "users".* FROM "users"[0m
  ↳ app/views/users/index.html.erb:22
  Rendered users/index.html.erb within layouts/application (Duration: 7.9ms | Allocations: 783)
[Webpacker] Everything's up-to-date. Nothing to do
[Webpacker] Everything's up-to-date. Nothing to do
Completed 200 OK in 25ms (Views: 22.4ms | ActiveRecord: 0.5ms | Allocations: 5717)


Started GET "/users/1/edit" for ::1 at 2020-07-01 22:38:17 -0300
Processing by UsersController#edit as HTML
  Parameters: {"id"=>"1"}
  [1m[36mUser Load (0.4ms)[0m  [1m[34mSELECT "users".* FROM "users" WHERE "users"."id" = ? LIMIT ?[0m  [["id", 1], ["LIMIT", 1]]
  ↳ app/controllers/users_controller.rb:67:in `set_user'
  Rendering users/edit.html.erb within layouts/application
  Rendered users/_form.html.erb (Duration: 1.4ms | Allocations: 204)
  Rendered users/edit.html.erb within layouts/application (Duration: 4.1ms | Allocations: 455)
[Webpacker] Everything's up-to-date. Nothing to do
[Webpacker] Everything's up-to-date. Nothing to do
Completed 200 OK in 25ms (Views: 19.1ms | ActiveRecord: 0.4ms | Allocations: 6050)


Started GET "/users" for ::1 at 2020-07-01 22:38:20 -0300
Processing by UsersController#index as HTML
  Rendering users/index.html.erb within layouts/application
  [1m[36mUser Load (0.3ms)[0m  [1m[34mSELECT "users".* FROM "users"[0m
  ↳ app/views/users/index.html.erb:22
  Rendered users/index.html.erb within layouts/application (Duration: 4.9ms | Allocations: 780)
[Webpacker] Everything's up-to-date. Nothing to do
[Webpacker] Everything's up-to-date. Nothing to do
Completed 200 OK in 39ms (Views: 36.5ms | ActiveRecord: 0.3ms | Allocations: 5700)


